f:\cse 4208\lab 4\texture mapping student version\x64\debug\vc143.pdb
f:\cse 4208\lab 4\texture mapping student version\x64\debug\vc143.idb
f:\cse 4208\lab 4\texture mapping student version\x64\debug\glad.obj
f:\cse 4208\lab 4\texture mapping student version\x64\debug\stb_image.obj
f:\cse 4208\lab 4\texture mapping student version\x64\debug\main.obj
f:\cse 4208\lab 4\texture mapping student version\x64\debug\lighting.ilk
f:\cse 4208\lab 4\texture mapping student version\x64\debug\lighting.exe
f:\cse 4208\lab 4\texture mapping student version\x64\debug\lighting.pdb
c:\users\mi\onedrive\desktop\texture mapping student version\x64\debug\glad.obj
c:\users\mi\onedrive\desktop\texture mapping student version\x64\debug\main.obj
c:\users\mi\onedrive\desktop\texture mapping student version\x64\debug\stb_image.obj
c:\users\mi\onedrive\desktop\texture mapping student version\x64\debug\lighting.ilk
c:\users\mi\onedrive\desktop\texture mapping student version\x64\debug\vc143.idb
c:\users\mi\onedrive\desktop\texture mapping student version\x64\debug\lighting.pdb
c:\users\mi\onedrive\desktop\texture mapping student version\x64\debug\vc143.pdb
c:\users\mi\onedrive\desktop\texture mapping student version\x64\debug\lighting.exe
c:\users\mi\onedrive\desktop\texture mapping student version\x64\debug\lighting.tlog\cl.command.1.tlog
c:\users\mi\onedrive\desktop\texture mapping student version\x64\debug\lighting.tlog\cl.items.tlog
c:\users\mi\onedrive\desktop\texture mapping student version\x64\debug\lighting.tlog\cl.read.1.tlog
c:\users\mi\onedrive\desktop\texture mapping student version\x64\debug\lighting.tlog\cl.write.1.tlog
c:\users\mi\onedrive\desktop\texture mapping student version\x64\debug\lighting.tlog\link.command.1.tlog
c:\users\mi\onedrive\desktop\texture mapping student version\x64\debug\lighting.tlog\link.read.1.tlog
c:\users\mi\onedrive\desktop\texture mapping student version\x64\debug\lighting.tlog\link.write.1.tlog
